[2026-02-02T19:07:47.282Z] 💓 HEARTBEAT STARTING
[2026-02-02T19:07:47.283Z] Loading context...
[2026-02-02T19:07:47.283Z] Checking for urgent items...
[2026-02-02T19:07:47.283Z] Checking Mission Control for @mentions...
[2026-02-02T19:07:47.283Z] Checking assigned tasks...
[2026-02-02T19:07:47.283Z] Scanning activity feed...
[2026-02-02T19:07:47.283Z] Getting recent activity...
[2026-02-02T19:07:47.283Z] 🟢 Nothing urgent found — HEARTBEAT_OK
[2026-02-02T19:07:47.283Z] Checking for background work...
[2026-02-02T19:07:47.283Z] Running background content planning...
[2026-02-02T19:07:47.283Z] 💓 HEARTBEAT COMPLETE
[2026-02-02T19:10:11.942Z] 💓 HEARTBEAT STARTING
[2026-02-02T19:10:11.942Z] Loading context...
[2026-02-02T19:10:11.943Z] Checking for urgent items...
[2026-02-02T19:10:11.943Z] Checking Mission Control for @mentions...
[2026-02-02T19:10:11.943Z] Checking assigned tasks...
[2026-02-02T19:10:11.943Z] Scanning activity feed...
[2026-02-02T19:10:11.943Z] Getting recent activity...
[2026-02-02T19:10:11.943Z] 🟢 Nothing urgent found — HEARTBEAT_OK
[2026-02-02T19:10:11.943Z] Checking for background work...
[2026-02-02T19:10:11.943Z] Running background content planning...
[2026-02-02T19:10:11.943Z] 💓 HEARTBEAT COMPLETE
[2026-02-05T15:21:04.290Z] 💓 HEARTBEAT STARTING
[2026-02-05T15:21:04.290Z] Loading context...
[2026-02-05T15:21:04.290Z] Checking for urgent items...
[2026-02-05T15:21:04.290Z] Checking Mission Control for @mentions...
[2026-02-05T15:21:04.291Z] Checking assigned tasks...
[2026-02-05T15:21:04.291Z] Scanning activity feed...
[2026-02-05T15:21:04.291Z] Getting recent activity...
[2026-02-05T15:21:04.291Z] 🟢 Nothing urgent found — HEARTBEAT_OK
[2026-02-05T15:21:04.291Z] Checking for background work...
[2026-02-05T15:21:04.291Z] Running background content planning...
[2026-02-05T15:21:04.291Z] 💓 HEARTBEAT COMPLETE
[2026-02-05T15:55:22.287Z] 💓 HEARTBEAT STARTING
[2026-02-05T15:55:22.288Z] Loading context...
[2026-02-05T15:55:22.288Z] Checking for urgent items...
[2026-02-05T15:55:22.289Z] Checking Mission Control for @mentions...
[2026-02-05T15:55:22.289Z] Checking assigned tasks...
[2026-02-05T15:55:22.289Z] Scanning activity feed...
[2026-02-05T15:55:22.289Z] Getting recent activity...
[2026-02-05T15:55:22.289Z] 🟢 Nothing urgent found — HEARTBEAT_OK
[2026-02-05T15:55:22.289Z] Checking for background work...
[2026-02-05T15:55:22.289Z] Running background content planning...
[2026-02-05T15:55:22.289Z] 💓 HEARTBEAT COMPLETE
[2026-02-05T16:17:22.998Z] 💓 HEARTBEAT STARTING
[2026-02-05T16:17:22.999Z] Loading context...
[2026-02-05T16:17:22.999Z] Checking for urgent items...
[2026-02-05T16:17:22.999Z] Checking Mission Control for @mentions...
[2026-02-05T16:17:22.999Z] Checking assigned tasks...
[2026-02-05T16:17:22.999Z] Scanning activity feed...
[2026-02-05T16:17:22.999Z] Getting recent activity...
[2026-02-05T16:17:22.999Z] 🟢 Nothing urgent found — HEARTBEAT_OK
[2026-02-05T16:17:22.999Z] Checking for background work...
[2026-02-05T16:17:22.999Z] Running background content planning...
[2026-02-05T16:17:22.999Z] 💓 HEARTBEAT COMPLETE
[2026-02-05T18:03:25.125Z] 💓 HEARTBEAT STARTING
[2026-02-05T18:03:25.126Z] Loading context...
[2026-02-05T18:03:25.126Z] Checking for urgent items...
[2026-02-05T18:03:25.126Z] Checking Mission Control for @mentions...
[2026-02-05T18:03:25.126Z] Checking assigned tasks...
[2026-02-05T18:03:25.126Z] Scanning activity feed...
[2026-02-05T18:03:25.126Z] Getting recent activity...
[2026-02-05T18:03:25.126Z] 🟢 Nothing urgent found — HEARTBEAT_OK
[2026-02-05T18:03:25.127Z] Checking for background work...
[2026-02-05T18:03:25.127Z] Running background content planning...
[2026-02-05T18:03:25.127Z] 💓 HEARTBEAT COMPLETE
[2026-02-05T21:33:00.217Z] 💓 HEARTBEAT STARTING
[2026-02-05T21:33:00.219Z] Loading context...
[2026-02-05T21:33:00.219Z] Checking for urgent items...
[2026-02-05T21:33:00.219Z] Checking Mission Control for @mentions...
[2026-02-05T21:33:00.219Z] Checking assigned tasks...
[2026-02-05T21:33:00.219Z] Scanning activity feed...
[2026-02-05T21:33:00.219Z] Getting recent activity...
[2026-02-05T21:33:00.219Z] 🟢 Nothing urgent found — HEARTBEAT_OK
[2026-02-05T21:33:00.219Z] Checking for background work...
[2026-02-05T21:33:00.220Z] Running background content planning...
[2026-02-05T21:33:00.220Z] 💓 HEARTBEAT COMPLETE
[2026-02-05T23:47:05.254Z] 💓 HEARTBEAT STARTING
[2026-02-05T23:47:05.255Z] Loading context...
[2026-02-05T23:47:05.255Z] Checking for urgent items...
[2026-02-05T23:47:05.255Z] Checking Mission Control for @mentions...
[2026-02-05T23:47:05.255Z] Checking assigned tasks...
[2026-02-05T23:47:05.256Z] Scanning activity feed...
[2026-02-05T23:47:05.256Z] Getting recent activity...
[2026-02-05T23:47:05.256Z] 🟢 Nothing urgent found — HEARTBEAT_OK
[2026-02-05T23:47:05.256Z] Checking for background work...
[2026-02-05T23:47:05.256Z] Running background content planning...
[2026-02-05T23:47:05.256Z] 💓 HEARTBEAT COMPLETE
[2026-02-06T07:17:07.848Z] 💓 HEARTBEAT STARTING
[2026-02-06T07:17:07.849Z] Loading context...
[2026-02-06T07:17:07.849Z] Checking for urgent items...
[2026-02-06T07:17:07.849Z] Checking Mission Control for @mentions...
[2026-02-06T07:17:07.849Z] Checking assigned tasks...
[2026-02-06T07:17:07.849Z] Scanning activity feed...
[2026-02-06T07:17:07.849Z] Getting recent activity...
[2026-02-06T07:17:07.849Z] 🟢 Nothing urgent found — HEARTBEAT_OK
[2026-02-06T07:17:07.849Z] Checking for background work...
[2026-02-06T07:17:07.849Z] Running background content planning...
[2026-02-06T07:17:07.849Z] Checking if advice generation needed...
[2026-02-06T07:17:07.849Z] 💓 HEARTBEAT COMPLETE
[2026-02-06T10:02:21.185Z] 💓 HEARTBEAT STARTING
[2026-02-06T10:02:21.185Z] Loading context...
[2026-02-06T10:02:21.186Z] Checking for urgent items...
[2026-02-06T10:02:21.186Z] Checking Mission Control for @mentions...
[2026-02-06T10:02:21.186Z] Checking assigned tasks...
[2026-02-06T10:02:21.186Z] Scanning activity feed...
[2026-02-06T10:02:21.186Z] Getting recent activity...
[2026-02-06T10:02:21.186Z] 🟢 Nothing urgent found — HEARTBEAT_OK
[2026-02-06T10:02:21.186Z] Checking for background work...
[2026-02-06T10:02:21.186Z] Running background content planning...
[2026-02-06T10:02:21.186Z] Checking if advice generation needed...
[2026-02-06T10:02:21.186Z] Running advice generation...
[2026-02-06T10:02:21.230Z] Advice generation completed
[2026-02-06T10:02:21.230Z] 💓 HEARTBEAT COMPLETE
[2026-02-06T12:17:07.929Z] 💓 HEARTBEAT STARTING
[2026-02-06T12:17:07.930Z] Loading context...
[2026-02-06T12:17:07.930Z] Checking for urgent items...
[2026-02-06T12:17:07.930Z] Checking Mission Control for @mentions...
[2026-02-06T12:17:07.930Z] Checking assigned tasks...
[2026-02-06T12:17:07.930Z] Scanning activity feed...
[2026-02-06T12:17:07.930Z] Getting recent activity...
[2026-02-06T12:17:07.930Z] 🟢 Nothing urgent found — HEARTBEAT_OK
[2026-02-06T12:17:07.930Z] Checking for background work...
[2026-02-06T12:17:07.930Z] Running background content planning...
[2026-02-06T12:17:07.930Z] Checking if advice generation needed...
[2026-02-06T12:17:07.930Z] 💓 HEARTBEAT COMPLETE
[2026-02-06T16:32:03.089Z] 💓 HEARTBEAT STARTING
[2026-02-06T16:32:03.090Z] Loading context...
[2026-02-06T16:32:03.090Z] Checking for urgent items...
[2026-02-06T16:32:03.090Z] Checking Mission Control for @mentions...
[2026-02-06T16:32:03.090Z] Checking assigned tasks...
[2026-02-06T16:32:03.090Z] Scanning activity feed...
[2026-02-06T16:32:03.090Z] Getting recent activity...
[2026-02-06T16:32:03.090Z] 🟢 Nothing urgent found — HEARTBEAT_OK
[2026-02-06T16:32:03.090Z] Checking for background work...
[2026-02-06T16:32:03.090Z] Running background content planning...
[2026-02-06T16:32:03.090Z] Checking if advice generation needed...
[2026-02-06T16:32:03.090Z] Running advice generation...
[2026-02-06T16:32:03.134Z] Advice generation completed
[2026-02-06T16:32:03.134Z] 💓 HEARTBEAT COMPLETE
[2026-02-06T16:47:03.664Z] 💓 HEARTBEAT STARTING
[2026-02-06T16:47:03.665Z] Loading context...
[2026-02-06T16:47:03.665Z] Checking for urgent items...
[2026-02-06T16:47:03.665Z] Checking Mission Control for @mentions...
[2026-02-06T16:47:03.665Z] Checking assigned tasks...
[2026-02-06T16:47:03.665Z] Scanning activity feed...
[2026-02-06T16:47:03.665Z] Getting recent activity...
[2026-02-06T16:47:03.665Z] 🟢 Nothing urgent found — HEARTBEAT_OK
[2026-02-06T16:47:03.665Z] Checking for background work...
[2026-02-06T16:47:03.665Z] Running background content planning...
[2026-02-06T16:47:03.666Z] Checking if advice generation needed...
[2026-02-06T16:47:03.666Z] 💓 HEARTBEAT COMPLETE
[2026-02-06T17:02:03.343Z] 💓 HEARTBEAT STARTING
[2026-02-06T17:02:03.345Z] Loading context...
[2026-02-06T17:02:03.345Z] Checking for urgent items...
[2026-02-06T17:02:03.345Z] Checking Mission Control for @mentions...
[2026-02-06T17:02:03.345Z] Checking assigned tasks...
[2026-02-06T17:02:03.345Z] Scanning activity feed...
[2026-02-06T17:02:03.345Z] Getting recent activity...
[2026-02-06T17:02:03.345Z] 🟢 Nothing urgent found — HEARTBEAT_OK
[2026-02-06T17:02:03.345Z] Checking for background work...
[2026-02-06T17:02:03.345Z] Running background content planning...
[2026-02-06T17:02:03.345Z] Checking if advice generation needed...
[2026-02-06T17:02:03.345Z] Running advice generation...
[2026-02-06T17:02:03.389Z] Advice generation completed
[2026-02-06T17:02:03.390Z] 💓 HEARTBEAT COMPLETE
[2026-02-06T17:17:04.032Z] 💓 HEARTBEAT STARTING
[2026-02-06T17:17:04.033Z] Loading context...
[2026-02-06T17:17:04.033Z] Checking for urgent items...
[2026-02-06T17:17:04.033Z] Checking Mission Control for @mentions...
[2026-02-06T17:17:04.034Z] Checking assigned tasks...
[2026-02-06T17:17:04.034Z] Scanning activity feed...
[2026-02-06T17:17:04.034Z] Getting recent activity...
[2026-02-06T17:17:04.034Z] 🟢 Nothing urgent found — HEARTBEAT_OK
[2026-02-06T17:17:04.034Z] Checking for background work...
[2026-02-06T17:17:04.034Z] Running background content planning...
[2026-02-06T17:17:04.034Z] Checking if advice generation needed...
[2026-02-06T17:17:04.034Z] 💓 HEARTBEAT COMPLETE
[2026-02-06T17:32:04.512Z] 💓 HEARTBEAT STARTING
[2026-02-06T17:32:04.513Z] Loading context...
[2026-02-06T17:32:04.513Z] Checking for urgent items...
[2026-02-06T17:32:04.513Z] Checking Mission Control for @mentions...
[2026-02-06T17:32:04.513Z] Checking assigned tasks...
[2026-02-06T17:32:04.513Z] Scanning activity feed...
[2026-02-06T17:32:04.513Z] Getting recent activity...
[2026-02-06T17:32:04.513Z] 🟢 Nothing urgent found — HEARTBEAT_OK
[2026-02-06T17:32:04.513Z] Checking for background work...
[2026-02-06T17:32:04.513Z] Running background content planning...
[2026-02-06T17:32:04.513Z] Checking if advice generation needed...
[2026-02-06T17:32:04.513Z] Running advice generation...
[2026-02-06T17:32:04.560Z] Advice generation completed
[2026-02-06T17:32:04.561Z] 💓 HEARTBEAT COMPLETE
[2026-02-06T17:47:03.528Z] 💓 HEARTBEAT STARTING
[2026-02-06T17:47:03.529Z] Loading context...
[2026-02-06T17:47:03.529Z] Checking for urgent items...
[2026-02-06T17:47:03.529Z] Checking Mission Control for @mentions...
[2026-02-06T17:47:03.529Z] Checking assigned tasks...
[2026-02-06T17:47:03.529Z] Scanning activity feed...
[2026-02-06T17:47:03.529Z] Getting recent activity...
[2026-02-06T17:47:03.529Z] 🟢 Nothing urgent found — HEARTBEAT_OK
[2026-02-06T17:47:03.529Z] Checking for background work...
[2026-02-06T17:47:03.529Z] Running background content planning...
[2026-02-06T17:47:03.530Z] Checking if advice generation needed...
[2026-02-06T17:47:03.530Z] 💓 HEARTBEAT COMPLETE
[2026-02-06T18:02:03.133Z] 💓 HEARTBEAT STARTING
[2026-02-06T18:02:03.135Z] Loading context...
[2026-02-06T18:02:03.135Z] Checking for urgent items...
[2026-02-06T18:02:03.135Z] Checking for pending chat messages...
[2026-02-06T18:02:03.135Z] Checking Mission Control for @mentions...
[2026-02-06T18:02:03.135Z] Checking assigned tasks...
[2026-02-06T18:02:03.135Z] Scanning activity feed...
[2026-02-06T18:02:03.135Z] Getting recent activity...
[2026-02-06T18:02:03.135Z] 🟢 Nothing urgent found — HEARTBEAT_OK
[2026-02-06T18:02:03.136Z] Checking for background work...
[2026-02-06T18:02:03.136Z] Running background content planning...
[2026-02-06T18:02:03.136Z] Checking if advice generation needed...
[2026-02-06T18:02:03.136Z] Running advice generation...
[2026-02-06T18:02:03.184Z] Advice generation completed
[2026-02-06T18:02:03.184Z] 💓 HEARTBEAT COMPLETE
[2026-02-06T18:17:03.443Z] 💓 HEARTBEAT STARTING
[2026-02-06T18:17:03.444Z] Loading context...
[2026-02-06T18:17:03.444Z] Checking for urgent items...
[2026-02-06T18:17:03.444Z] Checking for pending chat messages...
[2026-02-06T18:17:03.445Z] Checking Mission Control for @mentions...
[2026-02-06T18:17:03.445Z] Checking assigned tasks...
[2026-02-06T18:17:03.445Z] Scanning activity feed...
[2026-02-06T18:17:03.445Z] Getting recent activity...
[2026-02-06T18:17:03.445Z] 🟢 Nothing urgent found — HEARTBEAT_OK
[2026-02-06T18:17:03.445Z] Checking for background work...
[2026-02-06T18:17:03.445Z] Running background content planning...
[2026-02-06T18:17:03.445Z] Checking if advice generation needed...
[2026-02-06T18:17:03.445Z] 💓 HEARTBEAT COMPLETE
[2026-02-06T18:32:08.773Z] 💓 HEARTBEAT STARTING
[2026-02-06T18:32:08.775Z] Loading context...
[2026-02-06T18:32:08.775Z] Checking for urgent items...
[2026-02-06T18:32:08.775Z] Checking for pending chat messages...
[2026-02-06T18:32:08.775Z] Checking Mission Control for @mentions...
[2026-02-06T18:32:08.775Z] Checking assigned tasks...
[2026-02-06T18:32:08.775Z] Scanning activity feed...
[2026-02-06T18:32:08.775Z] Getting recent activity...
[2026-02-06T18:32:08.775Z] 🟢 Nothing urgent found — HEARTBEAT_OK
[2026-02-06T18:32:08.776Z] Checking for background work...
[2026-02-06T18:32:08.776Z] Running background content planning...
[2026-02-06T18:32:08.776Z] Checking if advice generation needed...
[2026-02-06T18:32:08.776Z] Running advice generation...
[2026-02-06T18:32:08.824Z] Advice generation completed
[2026-02-06T18:32:08.824Z] 💓 HEARTBEAT COMPLETE
[2026-02-06T18:47:11.348Z] 💓 HEARTBEAT STARTING
[2026-02-06T18:47:11.349Z] Loading context...
[2026-02-06T18:47:11.349Z] Checking for urgent items...
[2026-02-06T18:47:11.349Z] Checking for pending chat messages...
[2026-02-06T18:47:11.349Z] Checking Mission Control for @mentions...
[2026-02-06T18:47:11.349Z] Checking assigned tasks...
[2026-02-06T18:47:11.349Z] Scanning activity feed...
[2026-02-06T18:47:11.349Z] Getting recent activity...
[2026-02-06T18:47:11.349Z] 🟢 Nothing urgent found — HEARTBEAT_OK
[2026-02-06T18:47:11.349Z] Checking for background work...
[2026-02-06T18:47:11.349Z] Running background content planning...
[2026-02-06T18:47:11.350Z] Checking if advice generation needed...
[2026-02-06T18:47:11.350Z] 💓 HEARTBEAT COMPLETE
[2026-02-06T19:02:03.309Z] 💓 HEARTBEAT STARTING
[2026-02-06T19:02:03.310Z] Loading context...
[2026-02-06T19:02:03.310Z] Checking for urgent items...
[2026-02-06T19:02:03.310Z] Checking for pending chat messages...
[2026-02-06T19:02:03.310Z] Checking Mission Control for @mentions...
[2026-02-06T19:02:03.310Z] Checking assigned tasks...
[2026-02-06T19:02:03.310Z] Scanning activity feed...
[2026-02-06T19:02:03.310Z] Getting recent activity...
[2026-02-06T19:02:03.310Z] 🟢 Nothing urgent found — HEARTBEAT_OK
[2026-02-06T19:02:03.311Z] Checking for background work...
[2026-02-06T19:02:03.311Z] Running background content planning...
[2026-02-06T19:02:03.311Z] Checking if advice generation needed...
[2026-02-06T19:02:03.311Z] Running advice generation...
[2026-02-06T19:02:03.355Z] Advice generation completed
[2026-02-06T19:02:03.355Z] 💓 HEARTBEAT COMPLETE
[2026-02-06T19:17:03.202Z] 💓 HEARTBEAT STARTING
[2026-02-06T19:17:03.203Z] Loading context...
[2026-02-06T19:17:03.203Z] Checking for urgent items...
[2026-02-06T19:17:03.203Z] Checking for pending chat messages...
[2026-02-06T19:17:03.203Z] Checking Mission Control for @mentions...
[2026-02-06T19:17:03.203Z] Checking assigned tasks...
[2026-02-06T19:17:03.203Z] Scanning activity feed...
[2026-02-06T19:17:03.203Z] Getting recent activity...
[2026-02-06T19:17:03.203Z] 🟢 Nothing urgent found — HEARTBEAT_OK
[2026-02-06T19:17:03.203Z] Checking for background work...
[2026-02-06T19:17:03.203Z] Running background content planning...
[2026-02-06T19:17:03.203Z] Checking if advice generation needed...
[2026-02-06T19:17:03.204Z] 💓 HEARTBEAT COMPLETE
[2026-02-06T19:32:03.453Z] 💓 HEARTBEAT STARTING
[2026-02-06T19:32:03.454Z] Loading context...
[2026-02-06T19:32:03.454Z] Checking for urgent items...
[2026-02-06T19:32:03.454Z] Checking for pending chat messages...
[2026-02-06T19:32:03.455Z] Checking Mission Control for @mentions...
[2026-02-06T19:32:03.455Z] Checking assigned tasks...
[2026-02-06T19:32:03.455Z] Scanning activity feed...
[2026-02-06T19:32:03.455Z] Getting recent activity...
[2026-02-06T19:32:03.455Z] 🟢 Nothing urgent found — HEARTBEAT_OK
[2026-02-06T19:32:03.455Z] Checking for background work...
[2026-02-06T19:32:03.455Z] Running background content planning...
[2026-02-06T19:32:03.455Z] Checking if advice generation needed...
[2026-02-06T19:32:03.455Z] Running advice generation...
[2026-02-06T19:32:03.504Z] Advice generation completed
[2026-02-06T19:32:03.504Z] 💓 HEARTBEAT COMPLETE
[2026-02-06T19:47:03.487Z] 💓 HEARTBEAT STARTING
[2026-02-06T19:47:03.488Z] Loading context...
[2026-02-06T19:47:03.488Z] Checking for urgent items...
[2026-02-06T19:47:03.488Z] Checking for pending chat messages...
[2026-02-06T19:47:03.488Z] Checking Mission Control for @mentions...
[2026-02-06T19:47:03.488Z] Checking assigned tasks...
[2026-02-06T19:47:03.488Z] Scanning activity feed...
[2026-02-06T19:47:03.488Z] Getting recent activity...
[2026-02-06T19:47:03.489Z] 🟢 Nothing urgent found — HEARTBEAT_OK
[2026-02-06T19:47:03.489Z] Checking for background work...
[2026-02-06T19:47:03.489Z] Running background content planning...
[2026-02-06T19:47:03.489Z] Checking if advice generation needed...
[2026-02-06T19:47:03.489Z] 💓 HEARTBEAT COMPLETE
[2026-02-06T20:02:03.506Z] 💓 HEARTBEAT STARTING
[2026-02-06T20:02:03.507Z] Loading context...
[2026-02-06T20:02:03.507Z] Checking for urgent items...
[2026-02-06T20:02:03.507Z] Checking for pending chat messages...
[2026-02-06T20:02:03.508Z] Checking Mission Control for @mentions...
[2026-02-06T20:02:03.508Z] Checking assigned tasks...
[2026-02-06T20:02:03.508Z] Scanning activity feed...
[2026-02-06T20:02:03.508Z] Getting recent activity...
[2026-02-06T20:02:03.508Z] 🟢 Nothing urgent found — HEARTBEAT_OK
[2026-02-06T20:02:03.508Z] Checking for background work...
[2026-02-06T20:02:03.508Z] Running background content planning...
[2026-02-06T20:02:03.508Z] Checking if advice generation needed...
[2026-02-06T20:02:03.508Z] Running advice generation...
[2026-02-06T20:02:03.556Z] Advice generation completed
[2026-02-06T20:02:03.556Z] 💓 HEARTBEAT COMPLETE
[2026-02-06T20:17:03.842Z] 💓 HEARTBEAT STARTING
[2026-02-06T20:17:03.843Z] Loading context...
[2026-02-06T20:17:03.844Z] Checking for urgent items...
[2026-02-06T20:17:03.844Z] Checking for pending chat messages...
[2026-02-06T20:17:03.844Z] Checking Mission Control for @mentions...
[2026-02-06T20:17:03.844Z] Checking assigned tasks...
[2026-02-06T20:17:03.844Z] Scanning activity feed...
[2026-02-06T20:17:03.844Z] Getting recent activity...
[2026-02-06T20:17:03.844Z] 🟢 Nothing urgent found — HEARTBEAT_OK
[2026-02-06T20:17:03.844Z] Checking for background work...
[2026-02-06T20:17:03.844Z] Running background content planning...
[2026-02-06T20:17:03.844Z] Checking if advice generation needed...
[2026-02-06T20:17:03.844Z] 💓 HEARTBEAT COMPLETE
[2026-02-06T20:32:07.944Z] 💓 HEARTBEAT STARTING
[2026-02-06T20:32:07.946Z] Loading context...
[2026-02-06T20:32:07.946Z] Checking for urgent items...
[2026-02-06T20:32:07.946Z] Checking for pending chat messages...
[2026-02-06T20:32:07.946Z] Checking Mission Control for @mentions...
[2026-02-06T20:32:07.946Z] Checking assigned tasks...
[2026-02-06T20:32:07.946Z] Scanning activity feed...
[2026-02-06T20:32:07.946Z] Getting recent activity...
[2026-02-06T20:32:07.946Z] 🟢 Nothing urgent found — HEARTBEAT_OK
[2026-02-06T20:32:07.946Z] Checking for background work...
[2026-02-06T20:32:07.946Z] Running background content planning...
[2026-02-06T20:32:07.946Z] Checking if advice generation needed...
[2026-02-06T20:32:07.946Z] Running advice generation...
[2026-02-06T20:32:07.997Z] Advice generation completed
[2026-02-06T20:32:07.997Z] 💓 HEARTBEAT COMPLETE
[2026-02-06T20:47:05.324Z] 💓 HEARTBEAT STARTING
[2026-02-06T20:47:05.325Z] Loading context...
[2026-02-06T20:47:05.326Z] Checking for urgent items...
[2026-02-06T20:47:05.326Z] Checking for pending chat messages...
[2026-02-06T20:47:05.326Z] Checking Mission Control for @mentions...
[2026-02-06T20:47:05.326Z] Checking assigned tasks...
[2026-02-06T20:47:05.326Z] Scanning activity feed...
[2026-02-06T20:47:05.326Z] Getting recent activity...
[2026-02-06T20:47:05.326Z] 🟢 Nothing urgent found — HEARTBEAT_OK
[2026-02-06T20:47:05.326Z] Checking for background work...
[2026-02-06T20:47:05.326Z] Running background content planning...
[2026-02-06T20:47:05.326Z] Checking if advice generation needed...
[2026-02-06T20:47:05.326Z] 💓 HEARTBEAT COMPLETE
[2026-02-06T21:02:04.592Z] 💓 HEARTBEAT STARTING
[2026-02-06T21:02:04.593Z] Loading context...
[2026-02-06T21:02:04.593Z] Checking for urgent items...
[2026-02-06T21:02:04.594Z] Checking for pending chat messages...
[2026-02-06T21:02:04.594Z] Checking Mission Control for @mentions...
[2026-02-06T21:02:04.594Z] Checking assigned tasks...
[2026-02-06T21:02:04.594Z] Scanning activity feed...
[2026-02-06T21:02:04.594Z] Getting recent activity...
[2026-02-06T21:02:04.594Z] 🟢 Nothing urgent found — HEARTBEAT_OK
[2026-02-06T21:02:04.594Z] Checking for background work...
[2026-02-06T21:02:04.594Z] Running background content planning...
[2026-02-06T21:02:04.594Z] Checking if advice generation needed...
[2026-02-06T21:02:04.594Z] Running advice generation...
[2026-02-06T21:02:04.640Z] Advice generation completed
[2026-02-06T21:02:04.641Z] 💓 HEARTBEAT COMPLETE
[2026-02-06T21:17:05.191Z] 💓 HEARTBEAT STARTING
[2026-02-06T21:17:05.193Z] Loading context...
[2026-02-06T21:17:05.193Z] Checking for urgent items...
[2026-02-06T21:17:05.193Z] Checking for pending chat messages...
[2026-02-06T21:17:05.193Z] Checking Mission Control for @mentions...
[2026-02-06T21:17:05.193Z] Checking assigned tasks...
[2026-02-06T21:17:05.193Z] Scanning activity feed...
[2026-02-06T21:17:05.193Z] Getting recent activity...
[2026-02-06T21:17:05.193Z] 🟢 Nothing urgent found — HEARTBEAT_OK
[2026-02-06T21:17:05.194Z] Checking for background work...
[2026-02-06T21:17:05.194Z] Running background content planning...
[2026-02-06T21:17:05.194Z] Checking if advice generation needed...
[2026-02-06T21:17:05.194Z] 💓 HEARTBEAT COMPLETE
[2026-02-06T21:32:03.277Z] 💓 HEARTBEAT STARTING
[2026-02-06T21:32:03.277Z] Loading context...
[2026-02-06T21:32:03.278Z] Checking for urgent items...
[2026-02-06T21:32:03.278Z] Checking for pending chat messages...
[2026-02-06T21:32:03.278Z] Checking Mission Control for @mentions...
[2026-02-06T21:32:03.278Z] Checking assigned tasks...
[2026-02-06T21:32:03.278Z] Scanning activity feed...
[2026-02-06T21:32:03.278Z] Getting recent activity...
[2026-02-06T21:32:03.278Z] 🟢 Nothing urgent found — HEARTBEAT_OK
[2026-02-06T21:32:03.278Z] Checking for background work...
[2026-02-06T21:32:03.278Z] Running background content planning...
[2026-02-06T21:32:03.278Z] Checking if advice generation needed...
[2026-02-06T21:32:03.278Z] Running advice generation...
[2026-02-06T21:32:03.325Z] Advice generation completed
[2026-02-06T21:32:03.325Z] 💓 HEARTBEAT COMPLETE
[2026-02-06T21:47:03.320Z] 💓 HEARTBEAT STARTING
[2026-02-06T21:47:03.322Z] Loading context...
[2026-02-06T21:47:03.322Z] Checking for urgent items...
[2026-02-06T21:47:03.322Z] Checking for pending chat messages...
[2026-02-06T21:47:03.322Z] Checking Mission Control for @mentions...
[2026-02-06T21:47:03.322Z] Checking assigned tasks...
[2026-02-06T21:47:03.322Z] Scanning activity feed...
[2026-02-06T21:47:03.322Z] Getting recent activity...
[2026-02-06T21:47:03.322Z] 🟢 Nothing urgent found — HEARTBEAT_OK
[2026-02-06T21:47:03.322Z] Checking for background work...
[2026-02-06T21:47:03.322Z] Running background content planning...
[2026-02-06T21:47:03.322Z] Checking if advice generation needed...
[2026-02-06T21:47:03.322Z] 💓 HEARTBEAT COMPLETE
[2026-02-06T22:02:03.407Z] 💓 HEARTBEAT STARTING
[2026-02-06T22:02:03.409Z] Loading context...
[2026-02-06T22:02:03.409Z] Checking for urgent items...
[2026-02-06T22:02:03.409Z] Checking for pending chat messages...
[2026-02-06T22:02:03.409Z] Checking Mission Control for @mentions...
[2026-02-06T22:02:03.409Z] Checking assigned tasks...
[2026-02-06T22:02:03.409Z] Scanning activity feed...
[2026-02-06T22:02:03.409Z] Getting recent activity...
[2026-02-06T22:02:03.409Z] 🟢 Nothing urgent found — HEARTBEAT_OK
[2026-02-06T22:02:03.409Z] Checking for background work...
[2026-02-06T22:02:03.409Z] Running background content planning...
[2026-02-06T22:02:03.409Z] Checking if advice generation needed...
[2026-02-06T22:02:03.409Z] Running advice generation...
[2026-02-06T22:02:03.453Z] Advice generation completed
[2026-02-06T22:02:03.453Z] 💓 HEARTBEAT COMPLETE
[2026-02-06T22:17:03.765Z] 💓 HEARTBEAT STARTING
[2026-02-06T22:17:03.766Z] Loading context...
[2026-02-06T22:17:03.766Z] Checking for urgent items...
[2026-02-06T22:17:03.766Z] Checking for pending chat messages...
[2026-02-06T22:17:03.767Z] Checking Mission Control for @mentions...
[2026-02-06T22:17:03.767Z] Checking assigned tasks...
[2026-02-06T22:17:03.767Z] Scanning activity feed...
[2026-02-06T22:17:03.767Z] Getting recent activity...
[2026-02-06T22:17:03.767Z] 🟢 Nothing urgent found — HEARTBEAT_OK
[2026-02-06T22:17:03.767Z] Checking for background work...
[2026-02-06T22:17:03.767Z] Running background content planning...
[2026-02-06T22:17:03.767Z] Checking if advice generation needed...
[2026-02-06T22:17:03.767Z] 💓 HEARTBEAT COMPLETE
