[2026-02-02T19:10:12.069Z] 💓 HEARTBEAT STARTING
[2026-02-02T19:10:12.070Z] Loading context...
[2026-02-02T19:10:12.070Z] Checking for urgent items...
[2026-02-02T19:10:12.070Z] Checking Mission Control for @mentions...
[2026-02-02T19:10:12.070Z] Checking assigned tasks...
[2026-02-02T19:10:12.070Z] Scanning activity feed...
[2026-02-02T19:10:12.070Z] Getting recent activity...
[2026-02-02T19:10:12.070Z] 🟢 Nothing urgent found — HEARTBEAT_OK
[2026-02-02T19:10:12.070Z] Checking for background work...
[2026-02-02T19:10:12.070Z] Running background client monitoring...
[2026-02-02T19:10:12.070Z] 💓 HEARTBEAT COMPLETE
[2026-02-05T15:55:11.179Z] 💓 HEARTBEAT STARTING
[2026-02-05T15:55:11.180Z] Loading context...
[2026-02-05T15:55:11.180Z] Checking for urgent items...
[2026-02-05T15:55:11.180Z] Checking Mission Control for @mentions...
[2026-02-05T15:55:11.180Z] Checking assigned tasks...
[2026-02-05T15:55:11.181Z] Scanning activity feed...
[2026-02-05T15:55:11.181Z] Getting recent activity...
[2026-02-05T15:55:11.181Z] 🟢 Nothing urgent found — HEARTBEAT_OK
[2026-02-05T15:55:11.181Z] Checking for background work...
[2026-02-05T15:55:11.181Z] Running background client monitoring...
[2026-02-05T15:55:11.181Z] 💓 HEARTBEAT COMPLETE
[2026-02-05T16:17:40.105Z] 💓 HEARTBEAT STARTING
[2026-02-05T16:17:40.105Z] Loading context...
[2026-02-05T16:17:40.106Z] Checking for urgent items...
[2026-02-05T16:17:40.106Z] Checking Mission Control for @mentions...
[2026-02-05T16:17:40.106Z] Checking assigned tasks...
[2026-02-05T16:17:40.106Z] Scanning activity feed...
[2026-02-05T16:17:40.106Z] Getting recent activity...
[2026-02-05T16:17:40.106Z] 🟢 Nothing urgent found — HEARTBEAT_OK
[2026-02-05T16:17:40.106Z] Checking for background work...
[2026-02-05T16:17:40.106Z] Running background client monitoring...
[2026-02-05T16:17:40.106Z] 💓 HEARTBEAT COMPLETE
[2026-02-05T18:03:12.183Z] 💓 HEARTBEAT STARTING
[2026-02-05T18:03:12.184Z] Loading context...
[2026-02-05T18:03:12.184Z] Checking for urgent items...
[2026-02-05T18:03:12.184Z] Checking Mission Control for @mentions...
[2026-02-05T18:03:12.184Z] Checking assigned tasks...
[2026-02-05T18:03:12.184Z] Scanning activity feed...
[2026-02-05T18:03:12.184Z] Getting recent activity...
[2026-02-05T18:03:12.184Z] 🟢 Nothing urgent found — HEARTBEAT_OK
[2026-02-05T18:03:12.184Z] Checking for background work...
[2026-02-05T18:03:12.184Z] Running background client monitoring...
[2026-02-05T18:03:12.184Z] 💓 HEARTBEAT COMPLETE
