[2026-02-02T19:07:40.263Z] 💓 HEARTBEAT STARTING
[2026-02-02T19:07:40.264Z] Loading context...
[2026-02-02T19:07:40.265Z] Checking for urgent items...
[2026-02-02T19:07:40.265Z] Checking Mission Control for @mentions...
[2026-02-02T19:07:40.265Z] Checking assigned tasks...
[2026-02-02T19:07:40.265Z] Scanning activity feed...
[2026-02-02T19:07:40.265Z] Getting recent activity...
[2026-02-02T19:07:40.265Z] 🟢 Nothing urgent found — HEARTBEAT_OK
[2026-02-02T19:07:40.265Z] Checking for background work...
[2026-02-02T19:07:40.265Z] Running background research...
[2026-02-02T19:07:40.265Z] 💓 HEARTBEAT COMPLETE
[2026-02-02T19:10:08.452Z] 💓 HEARTBEAT STARTING
[2026-02-02T19:10:08.453Z] Loading context...
[2026-02-02T19:10:08.453Z] Checking for urgent items...
[2026-02-02T19:10:08.453Z] Checking Mission Control for @mentions...
[2026-02-02T19:10:08.453Z] Checking assigned tasks...
[2026-02-02T19:10:08.453Z] Scanning activity feed...
[2026-02-02T19:10:08.454Z] Getting recent activity...
[2026-02-02T19:10:08.454Z] 🟢 Nothing urgent found — HEARTBEAT_OK
[2026-02-02T19:10:08.454Z] Checking for background work...
[2026-02-02T19:10:08.454Z] Running background research...
[2026-02-02T19:10:08.454Z] 💓 HEARTBEAT COMPLETE
[2026-02-02T19:20:58.599Z] 💓 HEARTBEAT CHECK STARTING
[2026-02-02T19:20:58.600Z] ⚡ Agent has work — RUNNING HEARTBEAT
[2026-02-02T19:20:58.600Z] Loading context...
[2026-02-02T19:20:58.600Z] Checking for urgent items...
[2026-02-02T19:20:58.600Z] Checking Mission Control for @mentions...
[2026-02-02T19:20:58.600Z] Checking assigned tasks...
[2026-02-02T19:20:58.600Z] Scanning activity feed...
[2026-02-02T19:20:58.600Z] Getting recent activity...
[2026-02-02T19:20:58.600Z] Found work: 0 mentions, 1 tasks
[2026-02-02T19:20:58.600Z] Handling work...
[2026-02-02T19:20:58.600Z] Processing task: Create Research Report Template
[2026-02-02T19:20:58.601Z] Handling task: Create Research Report Template
[2026-02-02T19:20:58.601Z] ✅ Work completed
[2026-02-02T19:20:58.601Z] 💓 HEARTBEAT COMPLETE
[2026-02-05T14:45:06.247Z] 💓 HEARTBEAT STARTING
[2026-02-05T14:45:06.248Z] Loading context...
[2026-02-05T14:45:06.248Z] Checking for urgent items...
[2026-02-05T14:45:06.248Z] Checking Mission Control for @mentions...
[2026-02-05T14:45:06.248Z] Checking assigned tasks...
[2026-02-05T14:45:06.248Z] Scanning activity feed...
[2026-02-05T14:45:06.248Z] Getting recent activity...
[2026-02-05T14:45:06.248Z] 🟢 Nothing urgent found — HEARTBEAT_OK
[2026-02-05T14:45:06.248Z] Checking for background work...
[2026-02-05T14:45:06.248Z] Running background research...
[2026-02-05T14:45:06.248Z] 💓 HEARTBEAT COMPLETE
[2026-02-05T15:20:59.111Z] 💓 HEARTBEAT STARTING
[2026-02-05T15:20:59.112Z] Loading context...
[2026-02-05T15:20:59.112Z] Checking for urgent items...
[2026-02-05T15:20:59.112Z] Checking Mission Control for @mentions...
[2026-02-05T15:20:59.112Z] Checking assigned tasks...
[2026-02-05T15:20:59.112Z] Scanning activity feed...
[2026-02-05T15:20:59.112Z] Getting recent activity...
[2026-02-05T15:20:59.112Z] 🟢 Nothing urgent found — HEARTBEAT_OK
[2026-02-05T15:20:59.112Z] Checking for background work...
[2026-02-05T15:20:59.112Z] Running background research...
[2026-02-05T15:20:59.112Z] 💓 HEARTBEAT COMPLETE
[2026-02-05T15:55:16.711Z] 💓 HEARTBEAT STARTING
[2026-02-05T15:55:16.712Z] Loading context...
[2026-02-05T15:55:16.712Z] Checking for urgent items...
[2026-02-05T15:55:16.712Z] Checking Mission Control for @mentions...
[2026-02-05T15:55:16.712Z] Checking assigned tasks...
[2026-02-05T15:55:16.712Z] Scanning activity feed...
[2026-02-05T15:55:16.712Z] Getting recent activity...
[2026-02-05T15:55:16.712Z] 🟢 Nothing urgent found — HEARTBEAT_OK
[2026-02-05T15:55:16.713Z] Checking for background work...
[2026-02-05T15:55:16.713Z] Running background research...
[2026-02-05T15:55:16.713Z] 💓 HEARTBEAT COMPLETE
[2026-02-05T18:03:19.379Z] 💓 HEARTBEAT STARTING
[2026-02-05T18:03:19.380Z] Loading context...
[2026-02-05T18:03:19.380Z] Checking for urgent items...
[2026-02-05T18:03:19.380Z] Checking Mission Control for @mentions...
[2026-02-05T18:03:19.380Z] Checking assigned tasks...
[2026-02-05T18:03:19.380Z] Scanning activity feed...
[2026-02-05T18:03:19.380Z] Getting recent activity...
[2026-02-05T18:03:19.380Z] 🟢 Nothing urgent found — HEARTBEAT_OK
[2026-02-05T18:03:19.380Z] Checking for background work...
[2026-02-05T18:03:19.380Z] Running background research...
[2026-02-05T18:03:19.380Z] 💓 HEARTBEAT COMPLETE
[2026-02-06T02:30:13.149Z] 💓 HEARTBEAT STARTING
[2026-02-06T02:30:13.150Z] Loading context...
[2026-02-06T02:30:13.150Z] Checking for urgent items...
[2026-02-06T02:30:13.150Z] Checking Mission Control for @mentions...
[2026-02-06T02:30:13.150Z] Checking assigned tasks...
[2026-02-06T02:30:13.150Z] Scanning activity feed...
[2026-02-06T02:30:13.150Z] Getting recent activity...
[2026-02-06T02:30:13.150Z] 🟢 Nothing urgent found — HEARTBEAT_OK
[2026-02-06T02:30:13.150Z] Checking for background work...
[2026-02-06T02:30:13.150Z] Running background research...
[2026-02-06T02:30:13.150Z] 💓 HEARTBEAT COMPLETE
[2026-02-06T04:45:04.492Z] 💓 HEARTBEAT STARTING
[2026-02-06T04:45:04.493Z] Loading context...
[2026-02-06T04:45:04.493Z] Checking for urgent items...
[2026-02-06T04:45:04.493Z] Checking Mission Control for @mentions...
[2026-02-06T04:45:04.493Z] Checking assigned tasks...
[2026-02-06T04:45:04.493Z] Scanning activity feed...
[2026-02-06T04:45:04.493Z] Getting recent activity...
[2026-02-06T04:45:04.494Z] 🟢 Nothing urgent found — HEARTBEAT_OK
[2026-02-06T04:45:04.494Z] Checking for background work...
[2026-02-06T04:45:04.494Z] Running background research...
[2026-02-06T04:45:04.494Z] 💓 HEARTBEAT COMPLETE
[2026-02-06T06:45:40.105Z] 💓 HEARTBEAT STARTING
[2026-02-06T06:45:40.106Z] Loading context...
[2026-02-06T06:45:40.106Z] Checking for urgent items...
[2026-02-06T06:45:40.107Z] Checking Mission Control for @mentions...
[2026-02-06T06:45:40.107Z] Checking assigned tasks...
[2026-02-06T06:45:40.107Z] Scanning activity feed...
[2026-02-06T06:45:40.107Z] Getting recent activity...
[2026-02-06T06:45:40.107Z] 🟢 Nothing urgent found — HEARTBEAT_OK
[2026-02-06T06:45:40.107Z] Checking for background work...
[2026-02-06T06:45:40.107Z] Running background research...
[2026-02-06T06:45:40.107Z] Checking if advice generation needed...
[2026-02-06T06:45:40.107Z] 💓 HEARTBEAT COMPLETE
[2026-02-06T07:30:23.160Z] 💓 HEARTBEAT STARTING
[2026-02-06T07:30:23.161Z] Loading context...
[2026-02-06T07:30:23.161Z] Checking for urgent items...
[2026-02-06T07:30:23.161Z] Checking Mission Control for @mentions...
[2026-02-06T07:30:23.161Z] Checking assigned tasks...
[2026-02-06T07:30:23.161Z] Scanning activity feed...
[2026-02-06T07:30:23.161Z] Getting recent activity...
[2026-02-06T07:30:23.161Z] 🟢 Nothing urgent found — HEARTBEAT_OK
[2026-02-06T07:30:23.161Z] Checking for background work...
[2026-02-06T07:30:23.161Z] Running background research...
[2026-02-06T07:30:23.161Z] Checking if advice generation needed...
[2026-02-06T07:30:23.162Z] Running advice generation...
[2026-02-06T07:30:23.206Z] Advice generation completed
[2026-02-06T07:30:23.206Z] 💓 HEARTBEAT COMPLETE
[2026-02-06T10:45:48.695Z] 💓 HEARTBEAT STARTING
[2026-02-06T10:45:48.696Z] Loading context...
[2026-02-06T10:45:48.696Z] Checking for urgent items...
[2026-02-06T10:45:48.696Z] Checking Mission Control for @mentions...
[2026-02-06T10:45:48.696Z] Checking assigned tasks...
[2026-02-06T10:45:48.696Z] Scanning activity feed...
[2026-02-06T10:45:48.696Z] Getting recent activity...
[2026-02-06T10:45:48.696Z] 🟢 Nothing urgent found — HEARTBEAT_OK
[2026-02-06T10:45:48.696Z] Checking for background work...
[2026-02-06T10:45:48.696Z] Running background research...
[2026-02-06T10:45:48.697Z] Checking if advice generation needed...
[2026-02-06T10:45:48.697Z] 💓 HEARTBEAT COMPLETE
