[2026-02-02T19:10:12.028Z] 💓 HEARTBEAT STARTING
[2026-02-02T19:10:12.029Z] Loading context...
[2026-02-02T19:10:12.029Z] Checking for urgent items...
[2026-02-02T19:10:12.029Z] Checking Mission Control for @mentions...
[2026-02-02T19:10:12.029Z] Checking assigned tasks...
[2026-02-02T19:10:12.029Z] Scanning activity feed...
[2026-02-02T19:10:12.029Z] Getting recent activity...
[2026-02-02T19:10:12.029Z] 🟢 Nothing urgent found — HEARTBEAT_OK
[2026-02-02T19:10:12.029Z] Checking for background work...
[2026-02-02T19:10:12.030Z] Running background lead research...
[2026-02-02T19:10:12.030Z] 💓 HEARTBEAT COMPLETE
[2026-02-03T10:36:07.476Z] 💓 HEARTBEAT STARTING
[2026-02-03T10:36:07.477Z] Loading context...
[2026-02-03T10:36:07.477Z] Checking for urgent items...
[2026-02-03T10:36:07.477Z] Checking Mission Control for @mentions...
[2026-02-03T10:36:07.477Z] Checking assigned tasks...
[2026-02-03T10:36:07.477Z] Scanning activity feed...
[2026-02-03T10:36:07.477Z] Getting recent activity...
[2026-02-03T10:36:07.477Z] 🟢 Nothing urgent found — HEARTBEAT_OK
[2026-02-03T10:36:07.477Z] Checking for background work...
[2026-02-03T10:36:07.477Z] Running background lead research...
[2026-02-03T10:36:07.478Z] 💓 HEARTBEAT COMPLETE
[2026-02-05T11:36:06.359Z] 💓 HEARTBEAT STARTING
[2026-02-05T11:36:06.360Z] Loading context...
[2026-02-05T11:36:06.360Z] Checking for urgent items...
[2026-02-05T11:36:06.360Z] Checking Mission Control for @mentions...
[2026-02-05T11:36:06.360Z] Checking assigned tasks...
[2026-02-05T11:36:06.361Z] Scanning activity feed...
[2026-02-05T11:36:06.361Z] Getting recent activity...
[2026-02-05T11:36:06.361Z] 🟢 Nothing urgent found — HEARTBEAT_OK
[2026-02-05T11:36:06.361Z] Checking for background work...
[2026-02-05T11:36:06.361Z] Running background lead research...
[2026-02-05T11:36:06.361Z] 💓 HEARTBEAT COMPLETE
[2026-02-05T15:21:15.474Z] 💓 HEARTBEAT STARTING
[2026-02-05T15:21:15.475Z] Loading context...
[2026-02-05T15:21:15.475Z] Checking for urgent items...
[2026-02-05T15:21:15.475Z] Checking Mission Control for @mentions...
[2026-02-05T15:21:15.475Z] Checking assigned tasks...
[2026-02-05T15:21:15.475Z] Scanning activity feed...
[2026-02-05T15:21:15.476Z] Getting recent activity...
[2026-02-05T15:21:15.476Z] 🟢 Nothing urgent found — HEARTBEAT_OK
[2026-02-05T15:21:15.476Z] Checking for background work...
[2026-02-05T15:21:15.476Z] Running background lead research...
[2026-02-05T15:21:15.476Z] 💓 HEARTBEAT COMPLETE
[2026-02-05T15:55:04.685Z] 💓 HEARTBEAT STARTING
[2026-02-05T15:55:04.686Z] Loading context...
[2026-02-05T15:55:04.686Z] Checking for urgent items...
[2026-02-05T15:55:04.686Z] Checking Mission Control for @mentions...
[2026-02-05T15:55:04.686Z] Checking assigned tasks...
[2026-02-05T15:55:04.686Z] Scanning activity feed...
[2026-02-05T15:55:04.686Z] Getting recent activity...
[2026-02-05T15:55:04.686Z] 🟢 Nothing urgent found — HEARTBEAT_OK
[2026-02-05T15:55:04.686Z] Checking for background work...
[2026-02-05T15:55:04.686Z] Running background lead research...
[2026-02-05T15:55:04.686Z] 💓 HEARTBEAT COMPLETE
[2026-02-05T16:17:34.247Z] 💓 HEARTBEAT STARTING
[2026-02-05T16:17:34.248Z] Loading context...
[2026-02-05T16:17:34.248Z] Checking for urgent items...
[2026-02-05T16:17:34.248Z] Checking Mission Control for @mentions...
[2026-02-05T16:17:34.248Z] Checking assigned tasks...
[2026-02-05T16:17:34.248Z] Scanning activity feed...
[2026-02-05T16:17:34.248Z] Getting recent activity...
[2026-02-05T16:17:34.248Z] 🟢 Nothing urgent found — HEARTBEAT_OK
[2026-02-05T16:17:34.249Z] Checking for background work...
[2026-02-05T16:17:34.249Z] Running background lead research...
[2026-02-05T16:17:34.249Z] 💓 HEARTBEAT COMPLETE
[2026-02-06T01:06:07.522Z] 💓 HEARTBEAT STARTING
[2026-02-06T01:06:07.523Z] Loading context...
[2026-02-06T01:06:07.523Z] Checking for urgent items...
[2026-02-06T01:06:07.523Z] Checking Mission Control for @mentions...
[2026-02-06T01:06:07.523Z] Checking assigned tasks...
[2026-02-06T01:06:07.523Z] Scanning activity feed...
[2026-02-06T01:06:07.523Z] Getting recent activity...
[2026-02-06T01:06:07.523Z] 🟢 Nothing urgent found — HEARTBEAT_OK
[2026-02-06T01:06:07.523Z] Checking for background work...
[2026-02-06T01:06:07.523Z] Running background lead research...
[2026-02-06T01:06:07.523Z] 💓 HEARTBEAT COMPLETE
[2026-02-06T02:21:14.192Z] 💓 HEARTBEAT STARTING
[2026-02-06T02:21:14.193Z] Loading context...
[2026-02-06T02:21:14.193Z] Checking for urgent items...
[2026-02-06T02:21:14.193Z] Checking Mission Control for @mentions...
[2026-02-06T02:21:14.193Z] Checking assigned tasks...
[2026-02-06T02:21:14.193Z] Scanning activity feed...
[2026-02-06T02:21:14.193Z] Getting recent activity...
[2026-02-06T02:21:14.193Z] 🟢 Nothing urgent found — HEARTBEAT_OK
[2026-02-06T02:21:14.193Z] Checking for background work...
[2026-02-06T02:21:14.193Z] Running background lead research...
[2026-02-06T02:21:14.193Z] 💓 HEARTBEAT COMPLETE
[2026-02-06T03:36:11.683Z] 💓 HEARTBEAT STARTING
[2026-02-06T03:36:11.684Z] Loading context...
[2026-02-06T03:36:11.684Z] Checking for urgent items...
[2026-02-06T03:36:11.684Z] Checking Mission Control for @mentions...
[2026-02-06T03:36:11.684Z] Checking assigned tasks...
[2026-02-06T03:36:11.684Z] Scanning activity feed...
[2026-02-06T03:36:11.684Z] Getting recent activity...
[2026-02-06T03:36:11.684Z] 🟢 Nothing urgent found — HEARTBEAT_OK
[2026-02-06T03:36:11.684Z] Checking for background work...
[2026-02-06T03:36:11.685Z] Running background lead research...
[2026-02-06T03:36:11.685Z] 💓 HEARTBEAT COMPLETE
[2026-02-06T05:36:15.330Z] 💓 HEARTBEAT STARTING
[2026-02-06T05:36:15.331Z] Loading context...
[2026-02-06T05:36:15.331Z] Checking for urgent items...
[2026-02-06T05:36:15.331Z] Checking Mission Control for @mentions...
[2026-02-06T05:36:15.331Z] Checking assigned tasks...
[2026-02-06T05:36:15.331Z] Scanning activity feed...
[2026-02-06T05:36:15.331Z] Getting recent activity...
[2026-02-06T05:36:15.331Z] 🟢 Nothing urgent found — HEARTBEAT_OK
[2026-02-06T05:36:15.331Z] Checking for background work...
[2026-02-06T05:36:15.331Z] Running background lead research...
[2026-02-06T05:36:15.331Z] 💓 HEARTBEAT COMPLETE
[2026-02-06T05:51:07.591Z] 💓 HEARTBEAT STARTING
[2026-02-06T05:51:07.592Z] Loading context...
[2026-02-06T05:51:07.592Z] Checking for urgent items...
[2026-02-06T05:51:07.593Z] Checking Mission Control for @mentions...
[2026-02-06T05:51:07.593Z] Checking assigned tasks...
[2026-02-06T05:51:07.593Z] Scanning activity feed...
[2026-02-06T05:51:07.593Z] Getting recent activity...
[2026-02-06T05:51:07.593Z] 🟢 Nothing urgent found — HEARTBEAT_OK
[2026-02-06T05:51:07.593Z] Checking for background work...
[2026-02-06T05:51:07.593Z] Running background lead research...
[2026-02-06T05:51:07.593Z] 💓 HEARTBEAT COMPLETE
[2026-02-06T06:21:11.592Z] 💓 HEARTBEAT STARTING
[2026-02-06T06:21:11.593Z] Loading context...
[2026-02-06T06:21:11.593Z] Checking for urgent items...
[2026-02-06T06:21:11.594Z] Checking Mission Control for @mentions...
[2026-02-06T06:21:11.594Z] Checking assigned tasks...
[2026-02-06T06:21:11.594Z] Scanning activity feed...
[2026-02-06T06:21:11.594Z] Getting recent activity...
[2026-02-06T06:21:11.594Z] 🟢 Nothing urgent found — HEARTBEAT_OK
[2026-02-06T06:21:11.594Z] Checking for background work...
[2026-02-06T06:21:11.594Z] Running background lead research...
[2026-02-06T06:21:11.594Z] 💓 HEARTBEAT COMPLETE
[2026-02-06T07:06:09.194Z] 💓 HEARTBEAT STARTING
[2026-02-06T07:06:09.196Z] Loading context...
[2026-02-06T07:06:09.196Z] Checking for urgent items...
[2026-02-06T07:06:09.196Z] Checking Mission Control for @mentions...
[2026-02-06T07:06:09.196Z] Checking assigned tasks...
[2026-02-06T07:06:09.196Z] Scanning activity feed...
[2026-02-06T07:06:09.196Z] Getting recent activity...
[2026-02-06T07:06:09.196Z] 🟢 Nothing urgent found — HEARTBEAT_OK
[2026-02-06T07:06:09.196Z] Checking for background work...
[2026-02-06T07:06:09.196Z] Running background lead research...
[2026-02-06T07:06:09.196Z] Checking if advice generation needed...
[2026-02-06T07:06:09.196Z] Running advice generation...
[2026-02-06T07:06:09.245Z] Advice generation completed
[2026-02-06T07:06:09.246Z] 💓 HEARTBEAT COMPLETE
[2026-02-06T11:06:40.656Z] 💓 HEARTBEAT STARTING
[2026-02-06T11:06:40.657Z] Loading context...
[2026-02-06T11:06:40.657Z] Checking for urgent items...
[2026-02-06T11:06:40.657Z] Checking Mission Control for @mentions...
[2026-02-06T11:06:40.657Z] Checking assigned tasks...
[2026-02-06T11:06:40.657Z] Scanning activity feed...
[2026-02-06T11:06:40.657Z] Getting recent activity...
[2026-02-06T11:06:40.658Z] 🟢 Nothing urgent found — HEARTBEAT_OK
[2026-02-06T11:06:40.658Z] Checking for background work...
[2026-02-06T11:06:40.658Z] Running background lead research...
[2026-02-06T11:06:40.658Z] Checking if advice generation needed...
[2026-02-06T11:06:40.658Z] Running advice generation...
[2026-02-06T11:06:40.707Z] Advice generation completed
[2026-02-06T11:06:40.707Z] 💓 HEARTBEAT COMPLETE
[2026-02-06T11:36:40.855Z] 💓 HEARTBEAT STARTING
[2026-02-06T11:36:40.856Z] Loading context...
[2026-02-06T11:36:40.856Z] Checking for urgent items...
[2026-02-06T11:36:40.856Z] Checking Mission Control for @mentions...
[2026-02-06T11:36:40.856Z] Checking assigned tasks...
[2026-02-06T11:36:40.856Z] Scanning activity feed...
[2026-02-06T11:36:40.856Z] Getting recent activity...
[2026-02-06T11:36:40.856Z] 🟢 Nothing urgent found — HEARTBEAT_OK
[2026-02-06T11:36:40.856Z] Checking for background work...
[2026-02-06T11:36:40.856Z] Running background lead research...
[2026-02-06T11:36:40.856Z] Checking if advice generation needed...
[2026-02-06T11:36:40.856Z] Running advice generation...
[2026-02-06T11:36:40.902Z] Advice generation completed
[2026-02-06T11:36:40.903Z] 💓 HEARTBEAT COMPLETE
[2026-02-06T12:06:24.802Z] 💓 HEARTBEAT STARTING
[2026-02-06T12:06:24.803Z] Loading context...
[2026-02-06T12:06:24.803Z] Checking for urgent items...
[2026-02-06T12:06:24.803Z] Checking Mission Control for @mentions...
[2026-02-06T12:06:24.803Z] Checking assigned tasks...
[2026-02-06T12:06:24.803Z] Scanning activity feed...
[2026-02-06T12:06:24.804Z] Getting recent activity...
[2026-02-06T12:06:24.804Z] 🟢 Nothing urgent found — HEARTBEAT_OK
[2026-02-06T12:06:24.804Z] Checking for background work...
[2026-02-06T12:06:24.804Z] Running background lead research...
[2026-02-06T12:06:24.804Z] Checking if advice generation needed...
[2026-02-06T12:06:24.804Z] Running advice generation...
[2026-02-06T12:06:24.851Z] Advice generation completed
[2026-02-06T12:06:24.851Z] 💓 HEARTBEAT COMPLETE
[2026-02-06T12:21:04.139Z] 💓 HEARTBEAT STARTING
[2026-02-06T12:21:04.140Z] Loading context...
[2026-02-06T12:21:04.140Z] Checking for urgent items...
[2026-02-06T12:21:04.140Z] Checking Mission Control for @mentions...
[2026-02-06T12:21:04.140Z] Checking assigned tasks...
[2026-02-06T12:21:04.140Z] Scanning activity feed...
[2026-02-06T12:21:04.140Z] Getting recent activity...
[2026-02-06T12:21:04.140Z] 🟢 Nothing urgent found — HEARTBEAT_OK
[2026-02-06T12:21:04.140Z] Checking for background work...
[2026-02-06T12:21:04.140Z] Running background lead research...
[2026-02-06T12:21:04.140Z] Checking if advice generation needed...
[2026-02-06T12:21:04.140Z] 💓 HEARTBEAT COMPLETE
[2026-02-06T16:21:26.645Z] 💓 HEARTBEAT STARTING
[2026-02-06T16:21:26.648Z] Loading context...
[2026-02-06T16:21:26.648Z] Checking for urgent items...
[2026-02-06T16:21:26.648Z] Checking Mission Control for @mentions...
[2026-02-06T16:21:26.648Z] Checking assigned tasks...
[2026-02-06T16:21:26.648Z] Scanning activity feed...
[2026-02-06T16:21:26.648Z] Getting recent activity...
[2026-02-06T16:21:26.648Z] 🟢 Nothing urgent found — HEARTBEAT_OK
[2026-02-06T16:21:26.648Z] Checking for background work...
[2026-02-06T16:21:26.648Z] Running background lead research...
[2026-02-06T16:21:26.648Z] Checking if advice generation needed...
[2026-02-06T16:21:26.648Z] 💓 HEARTBEAT COMPLETE
[2026-02-06T16:36:03.022Z] 💓 HEARTBEAT STARTING
[2026-02-06T16:36:03.023Z] Loading context...
[2026-02-06T16:36:03.023Z] Checking for urgent items...
[2026-02-06T16:36:03.023Z] Checking Mission Control for @mentions...
[2026-02-06T16:36:03.023Z] Checking assigned tasks...
[2026-02-06T16:36:03.023Z] Scanning activity feed...
[2026-02-06T16:36:03.023Z] Getting recent activity...
[2026-02-06T16:36:03.023Z] 🟢 Nothing urgent found — HEARTBEAT_OK
[2026-02-06T16:36:03.024Z] Checking for background work...
[2026-02-06T16:36:03.024Z] Running background lead research...
[2026-02-06T16:36:03.024Z] Checking if advice generation needed...
[2026-02-06T16:36:03.024Z] Running advice generation...
[2026-02-06T16:36:03.066Z] Advice generation completed
[2026-02-06T16:36:03.067Z] 💓 HEARTBEAT COMPLETE
[2026-02-06T16:51:04.128Z] 💓 HEARTBEAT STARTING
[2026-02-06T16:51:04.129Z] Loading context...
[2026-02-06T16:51:04.130Z] Checking for urgent items...
[2026-02-06T16:51:04.130Z] Checking Mission Control for @mentions...
[2026-02-06T16:51:04.130Z] Checking assigned tasks...
[2026-02-06T16:51:04.130Z] Scanning activity feed...
[2026-02-06T16:51:04.130Z] Getting recent activity...
[2026-02-06T16:51:04.130Z] 🟢 Nothing urgent found — HEARTBEAT_OK
[2026-02-06T16:51:04.130Z] Checking for background work...
[2026-02-06T16:51:04.130Z] Running background lead research...
[2026-02-06T16:51:04.130Z] Checking if advice generation needed...
[2026-02-06T16:51:04.130Z] 💓 HEARTBEAT COMPLETE
[2026-02-06T17:06:03.321Z] 💓 HEARTBEAT STARTING
[2026-02-06T17:06:03.323Z] Loading context...
[2026-02-06T17:06:03.323Z] Checking for urgent items...
[2026-02-06T17:06:03.323Z] Checking Mission Control for @mentions...
[2026-02-06T17:06:03.323Z] Checking assigned tasks...
[2026-02-06T17:06:03.323Z] Scanning activity feed...
[2026-02-06T17:06:03.323Z] Getting recent activity...
[2026-02-06T17:06:03.323Z] 🟢 Nothing urgent found — HEARTBEAT_OK
[2026-02-06T17:06:03.323Z] Checking for background work...
[2026-02-06T17:06:03.323Z] Running background lead research...
[2026-02-06T17:06:03.323Z] Checking if advice generation needed...
[2026-02-06T17:06:03.323Z] Running advice generation...
[2026-02-06T17:06:03.367Z] Advice generation completed
[2026-02-06T17:06:03.368Z] 💓 HEARTBEAT COMPLETE
[2026-02-06T17:21:03.058Z] 💓 HEARTBEAT STARTING
[2026-02-06T17:21:03.058Z] Loading context...
[2026-02-06T17:21:03.059Z] Checking for urgent items...
[2026-02-06T17:21:03.059Z] Checking Mission Control for @mentions...
[2026-02-06T17:21:03.059Z] Checking assigned tasks...
[2026-02-06T17:21:03.059Z] Scanning activity feed...
[2026-02-06T17:21:03.059Z] Getting recent activity...
[2026-02-06T17:21:03.059Z] 🟢 Nothing urgent found — HEARTBEAT_OK
[2026-02-06T17:21:03.059Z] Checking for background work...
[2026-02-06T17:21:03.059Z] Running background lead research...
[2026-02-06T17:21:03.059Z] Checking if advice generation needed...
[2026-02-06T17:21:03.059Z] 💓 HEARTBEAT COMPLETE
[2026-02-06T17:36:03.119Z] 💓 HEARTBEAT STARTING
[2026-02-06T17:36:03.120Z] Loading context...
[2026-02-06T17:36:03.120Z] Checking for urgent items...
[2026-02-06T17:36:03.120Z] Checking Mission Control for @mentions...
[2026-02-06T17:36:03.120Z] Checking assigned tasks...
[2026-02-06T17:36:03.120Z] Scanning activity feed...
[2026-02-06T17:36:03.120Z] Getting recent activity...
[2026-02-06T17:36:03.120Z] 🟢 Nothing urgent found — HEARTBEAT_OK
[2026-02-06T17:36:03.120Z] Checking for background work...
[2026-02-06T17:36:03.120Z] Running background lead research...
[2026-02-06T17:36:03.121Z] Checking if advice generation needed...
[2026-02-06T17:36:03.121Z] Running advice generation...
[2026-02-06T17:36:03.164Z] Advice generation completed
[2026-02-06T17:36:03.164Z] 💓 HEARTBEAT COMPLETE
[2026-02-06T17:51:04.347Z] 💓 HEARTBEAT STARTING
[2026-02-06T17:51:04.348Z] Loading context...
[2026-02-06T17:51:04.349Z] Checking for urgent items...
[2026-02-06T17:51:04.349Z] Checking for pending chat messages...
[2026-02-06T17:51:04.349Z] Checking Mission Control for @mentions...
[2026-02-06T17:51:04.349Z] Checking assigned tasks...
[2026-02-06T17:51:04.349Z] Scanning activity feed...
[2026-02-06T17:51:04.349Z] Getting recent activity...
[2026-02-06T17:51:04.349Z] 🟢 Nothing urgent found — HEARTBEAT_OK
[2026-02-06T17:51:04.349Z] Checking for background work...
[2026-02-06T17:51:04.349Z] Running background lead research...
[2026-02-06T17:51:04.349Z] Checking if advice generation needed...
[2026-02-06T17:51:04.349Z] 💓 HEARTBEAT COMPLETE
[2026-02-06T18:06:03.776Z] 💓 HEARTBEAT STARTING
[2026-02-06T18:06:03.778Z] Loading context...
[2026-02-06T18:06:03.778Z] Checking for urgent items...
[2026-02-06T18:06:03.778Z] Checking for pending chat messages...
[2026-02-06T18:06:03.778Z] Checking Mission Control for @mentions...
[2026-02-06T18:06:03.778Z] Checking assigned tasks...
[2026-02-06T18:06:03.778Z] Scanning activity feed...
[2026-02-06T18:06:03.778Z] Getting recent activity...
[2026-02-06T18:06:03.778Z] 🟢 Nothing urgent found — HEARTBEAT_OK
[2026-02-06T18:06:03.778Z] Checking for background work...
[2026-02-06T18:06:03.778Z] Running background lead research...
[2026-02-06T18:06:03.778Z] Checking if advice generation needed...
[2026-02-06T18:06:03.778Z] Running advice generation...
[2026-02-06T18:06:03.824Z] Advice generation completed
[2026-02-06T18:06:03.825Z] 💓 HEARTBEAT COMPLETE
[2026-02-06T18:21:03.937Z] 💓 HEARTBEAT STARTING
[2026-02-06T18:21:03.938Z] Loading context...
[2026-02-06T18:21:03.938Z] Checking for urgent items...
[2026-02-06T18:21:03.938Z] Checking for pending chat messages...
[2026-02-06T18:21:03.938Z] Checking Mission Control for @mentions...
[2026-02-06T18:21:03.939Z] Checking assigned tasks...
[2026-02-06T18:21:03.939Z] Scanning activity feed...
[2026-02-06T18:21:03.939Z] Getting recent activity...
[2026-02-06T18:21:03.939Z] 🟢 Nothing urgent found — HEARTBEAT_OK
[2026-02-06T18:21:03.939Z] Checking for background work...
[2026-02-06T18:21:03.939Z] Running background lead research...
[2026-02-06T18:21:03.939Z] Checking if advice generation needed...
[2026-02-06T18:21:03.939Z] 💓 HEARTBEAT COMPLETE
[2026-02-06T18:36:03.266Z] 💓 HEARTBEAT STARTING
[2026-02-06T18:36:03.268Z] Loading context...
[2026-02-06T18:36:03.268Z] Checking for urgent items...
[2026-02-06T18:36:03.268Z] Checking for pending chat messages...
[2026-02-06T18:36:03.268Z] Checking Mission Control for @mentions...
[2026-02-06T18:36:03.268Z] Checking assigned tasks...
[2026-02-06T18:36:03.268Z] Scanning activity feed...
[2026-02-06T18:36:03.268Z] Getting recent activity...
[2026-02-06T18:36:03.268Z] 🟢 Nothing urgent found — HEARTBEAT_OK
[2026-02-06T18:36:03.268Z] Checking for background work...
[2026-02-06T18:36:03.268Z] Running background lead research...
[2026-02-06T18:36:03.268Z] Checking if advice generation needed...
[2026-02-06T18:36:03.268Z] Running advice generation...
[2026-02-06T18:36:03.316Z] Advice generation completed
[2026-02-06T18:36:03.316Z] 💓 HEARTBEAT COMPLETE
[2026-02-06T18:51:03.358Z] 💓 HEARTBEAT STARTING
[2026-02-06T18:51:03.359Z] Loading context...
[2026-02-06T18:51:03.360Z] Checking for urgent items...
[2026-02-06T18:51:03.360Z] Checking for pending chat messages...
[2026-02-06T18:51:03.360Z] Checking Mission Control for @mentions...
[2026-02-06T18:51:03.360Z] Checking assigned tasks...
[2026-02-06T18:51:03.360Z] Scanning activity feed...
[2026-02-06T18:51:03.360Z] Getting recent activity...
[2026-02-06T18:51:03.360Z] 🟢 Nothing urgent found — HEARTBEAT_OK
[2026-02-06T18:51:03.360Z] Checking for background work...
[2026-02-06T18:51:03.360Z] Running background lead research...
[2026-02-06T18:51:03.360Z] Checking if advice generation needed...
[2026-02-06T18:51:03.360Z] 💓 HEARTBEAT COMPLETE
[2026-02-06T19:06:03.268Z] 💓 HEARTBEAT STARTING
[2026-02-06T19:06:03.269Z] Loading context...
[2026-02-06T19:06:03.269Z] Checking for urgent items...
[2026-02-06T19:06:03.269Z] Checking for pending chat messages...
[2026-02-06T19:06:03.269Z] Checking Mission Control for @mentions...
[2026-02-06T19:06:03.269Z] Checking assigned tasks...
[2026-02-06T19:06:03.269Z] Scanning activity feed...
[2026-02-06T19:06:03.269Z] Getting recent activity...
[2026-02-06T19:06:03.269Z] 🟢 Nothing urgent found — HEARTBEAT_OK
[2026-02-06T19:06:03.269Z] Checking for background work...
[2026-02-06T19:06:03.269Z] Running background lead research...
[2026-02-06T19:06:03.269Z] Checking if advice generation needed...
[2026-02-06T19:06:03.270Z] Running advice generation...
[2026-02-06T19:06:03.316Z] Advice generation completed
[2026-02-06T19:06:03.316Z] 💓 HEARTBEAT COMPLETE
[2026-02-06T19:21:08.282Z] 💓 HEARTBEAT STARTING
[2026-02-06T19:21:08.283Z] Loading context...
[2026-02-06T19:21:08.284Z] Checking for urgent items...
[2026-02-06T19:21:08.284Z] Checking for pending chat messages...
[2026-02-06T19:21:08.284Z] Checking Mission Control for @mentions...
[2026-02-06T19:21:08.284Z] Checking assigned tasks...
[2026-02-06T19:21:08.284Z] Scanning activity feed...
[2026-02-06T19:21:08.284Z] Getting recent activity...
[2026-02-06T19:21:08.284Z] 🟢 Nothing urgent found — HEARTBEAT_OK
[2026-02-06T19:21:08.284Z] Checking for background work...
[2026-02-06T19:21:08.284Z] Running background lead research...
[2026-02-06T19:21:08.284Z] Checking if advice generation needed...
[2026-02-06T19:21:08.284Z] 💓 HEARTBEAT COMPLETE
[2026-02-06T19:36:03.543Z] 💓 HEARTBEAT STARTING
[2026-02-06T19:36:03.543Z] Loading context...
[2026-02-06T19:36:03.544Z] Checking for urgent items...
[2026-02-06T19:36:03.544Z] Checking for pending chat messages...
[2026-02-06T19:36:03.544Z] Checking Mission Control for @mentions...
[2026-02-06T19:36:03.544Z] Checking assigned tasks...
[2026-02-06T19:36:03.544Z] Scanning activity feed...
[2026-02-06T19:36:03.544Z] Getting recent activity...
[2026-02-06T19:36:03.544Z] 🟢 Nothing urgent found — HEARTBEAT_OK
[2026-02-06T19:36:03.544Z] Checking for background work...
[2026-02-06T19:36:03.544Z] Running background lead research...
[2026-02-06T19:36:03.544Z] Checking if advice generation needed...
[2026-02-06T19:36:03.544Z] Running advice generation...
[2026-02-06T19:36:03.590Z] Advice generation completed
[2026-02-06T19:36:03.590Z] 💓 HEARTBEAT COMPLETE
[2026-02-06T19:51:03.320Z] 💓 HEARTBEAT STARTING
[2026-02-06T19:51:03.322Z] Loading context...
[2026-02-06T19:51:03.322Z] Checking for urgent items...
[2026-02-06T19:51:03.322Z] Checking for pending chat messages...
[2026-02-06T19:51:03.322Z] Checking Mission Control for @mentions...
[2026-02-06T19:51:03.322Z] Checking assigned tasks...
[2026-02-06T19:51:03.322Z] Scanning activity feed...
[2026-02-06T19:51:03.322Z] Getting recent activity...
[2026-02-06T19:51:03.322Z] 🟢 Nothing urgent found — HEARTBEAT_OK
[2026-02-06T19:51:03.322Z] Checking for background work...
[2026-02-06T19:51:03.323Z] Running background lead research...
[2026-02-06T19:51:03.323Z] Checking if advice generation needed...
[2026-02-06T19:51:03.323Z] 💓 HEARTBEAT COMPLETE
[2026-02-06T20:06:03.451Z] 💓 HEARTBEAT STARTING
[2026-02-06T20:06:03.452Z] Loading context...
[2026-02-06T20:06:03.452Z] Checking for urgent items...
[2026-02-06T20:06:03.452Z] Checking for pending chat messages...
[2026-02-06T20:06:03.452Z] Checking Mission Control for @mentions...
[2026-02-06T20:06:03.452Z] Checking assigned tasks...
[2026-02-06T20:06:03.453Z] Scanning activity feed...
[2026-02-06T20:06:03.453Z] Getting recent activity...
[2026-02-06T20:06:03.453Z] 🟢 Nothing urgent found — HEARTBEAT_OK
[2026-02-06T20:06:03.453Z] Checking for background work...
[2026-02-06T20:06:03.453Z] Running background lead research...
[2026-02-06T20:06:03.453Z] Checking if advice generation needed...
[2026-02-06T20:06:03.453Z] Running advice generation...
[2026-02-06T20:06:03.499Z] Advice generation completed
[2026-02-06T20:06:03.499Z] 💓 HEARTBEAT COMPLETE
[2026-02-06T20:21:04.364Z] 💓 HEARTBEAT STARTING
[2026-02-06T20:21:04.365Z] Loading context...
[2026-02-06T20:21:04.365Z] Checking for urgent items...
[2026-02-06T20:21:04.365Z] Checking for pending chat messages...
[2026-02-06T20:21:04.365Z] Checking Mission Control for @mentions...
[2026-02-06T20:21:04.365Z] Checking assigned tasks...
[2026-02-06T20:21:04.365Z] Scanning activity feed...
[2026-02-06T20:21:04.365Z] Getting recent activity...
[2026-02-06T20:21:04.365Z] 🟢 Nothing urgent found — HEARTBEAT_OK
[2026-02-06T20:21:04.366Z] Checking for background work...
[2026-02-06T20:21:04.366Z] Running background lead research...
[2026-02-06T20:21:04.366Z] Checking if advice generation needed...
[2026-02-06T20:21:04.366Z] 💓 HEARTBEAT COMPLETE
[2026-02-06T20:36:04.079Z] 💓 HEARTBEAT STARTING
[2026-02-06T20:36:04.081Z] Loading context...
[2026-02-06T20:36:04.081Z] Checking for urgent items...
[2026-02-06T20:36:04.081Z] Checking for pending chat messages...
[2026-02-06T20:36:04.081Z] Checking Mission Control for @mentions...
[2026-02-06T20:36:04.081Z] Checking assigned tasks...
[2026-02-06T20:36:04.081Z] Scanning activity feed...
[2026-02-06T20:36:04.081Z] Getting recent activity...
[2026-02-06T20:36:04.081Z] 🟢 Nothing urgent found — HEARTBEAT_OK
[2026-02-06T20:36:04.081Z] Checking for background work...
[2026-02-06T20:36:04.081Z] Running background lead research...
[2026-02-06T20:36:04.081Z] Checking if advice generation needed...
[2026-02-06T20:36:04.081Z] Running advice generation...
[2026-02-06T20:36:04.131Z] Advice generation completed
[2026-02-06T20:36:04.131Z] 💓 HEARTBEAT COMPLETE
[2026-02-06T20:51:03.509Z] 💓 HEARTBEAT STARTING
[2026-02-06T20:51:03.511Z] Loading context...
[2026-02-06T20:51:03.511Z] Checking for urgent items...
[2026-02-06T20:51:03.511Z] Checking for pending chat messages...
[2026-02-06T20:51:03.511Z] Checking Mission Control for @mentions...
[2026-02-06T20:51:03.511Z] Checking assigned tasks...
[2026-02-06T20:51:03.511Z] Scanning activity feed...
[2026-02-06T20:51:03.511Z] Getting recent activity...
[2026-02-06T20:51:03.511Z] 🟢 Nothing urgent found — HEARTBEAT_OK
[2026-02-06T20:51:03.511Z] Checking for background work...
[2026-02-06T20:51:03.511Z] Running background lead research...
[2026-02-06T20:51:03.511Z] Checking if advice generation needed...
[2026-02-06T20:51:03.511Z] 💓 HEARTBEAT COMPLETE
[2026-02-06T21:06:03.553Z] 💓 HEARTBEAT STARTING
[2026-02-06T21:06:03.554Z] Loading context...
[2026-02-06T21:06:03.554Z] Checking for urgent items...
[2026-02-06T21:06:03.554Z] Checking for pending chat messages...
[2026-02-06T21:06:03.554Z] Checking Mission Control for @mentions...
[2026-02-06T21:06:03.554Z] Checking assigned tasks...
[2026-02-06T21:06:03.554Z] Scanning activity feed...
[2026-02-06T21:06:03.554Z] Getting recent activity...
[2026-02-06T21:06:03.554Z] 🟢 Nothing urgent found — HEARTBEAT_OK
[2026-02-06T21:06:03.555Z] Checking for background work...
[2026-02-06T21:06:03.555Z] Running background lead research...
[2026-02-06T21:06:03.555Z] Checking if advice generation needed...
[2026-02-06T21:06:03.555Z] Running advice generation...
[2026-02-06T21:06:03.607Z] Advice generation completed
[2026-02-06T21:06:03.608Z] 💓 HEARTBEAT COMPLETE
[2026-02-06T21:21:02.869Z] 💓 HEARTBEAT STARTING
[2026-02-06T21:21:02.870Z] Loading context...
[2026-02-06T21:21:02.870Z] Checking for urgent items...
[2026-02-06T21:21:02.870Z] Checking for pending chat messages...
[2026-02-06T21:21:02.870Z] Checking Mission Control for @mentions...
[2026-02-06T21:21:02.870Z] Checking assigned tasks...
[2026-02-06T21:21:02.870Z] Scanning activity feed...
[2026-02-06T21:21:02.870Z] Getting recent activity...
[2026-02-06T21:21:02.870Z] 🟢 Nothing urgent found — HEARTBEAT_OK
[2026-02-06T21:21:02.870Z] Checking for background work...
[2026-02-06T21:21:02.870Z] Running background lead research...
[2026-02-06T21:21:02.870Z] Checking if advice generation needed...
[2026-02-06T21:21:02.870Z] 💓 HEARTBEAT COMPLETE
[2026-02-06T21:36:03.437Z] 💓 HEARTBEAT STARTING
[2026-02-06T21:36:03.438Z] Loading context...
[2026-02-06T21:36:03.438Z] Checking for urgent items...
[2026-02-06T21:36:03.438Z] Checking for pending chat messages...
[2026-02-06T21:36:03.438Z] Checking Mission Control for @mentions...
[2026-02-06T21:36:03.438Z] Checking assigned tasks...
[2026-02-06T21:36:03.438Z] Scanning activity feed...
[2026-02-06T21:36:03.438Z] Getting recent activity...
[2026-02-06T21:36:03.438Z] 🟢 Nothing urgent found — HEARTBEAT_OK
[2026-02-06T21:36:03.438Z] Checking for background work...
[2026-02-06T21:36:03.438Z] Running background lead research...
[2026-02-06T21:36:03.439Z] Checking if advice generation needed...
[2026-02-06T21:36:03.439Z] Running advice generation...
[2026-02-06T21:36:03.484Z] Advice generation completed
[2026-02-06T21:36:03.485Z] 💓 HEARTBEAT COMPLETE
[2026-02-06T21:51:06.313Z] 💓 HEARTBEAT STARTING
[2026-02-06T21:51:06.315Z] Loading context...
[2026-02-06T21:51:06.315Z] Checking for urgent items...
[2026-02-06T21:51:06.315Z] Checking for pending chat messages...
[2026-02-06T21:51:06.315Z] Checking Mission Control for @mentions...
[2026-02-06T21:51:06.315Z] Checking assigned tasks...
[2026-02-06T21:51:06.315Z] Scanning activity feed...
[2026-02-06T21:51:06.315Z] Getting recent activity...
[2026-02-06T21:51:06.315Z] 🟢 Nothing urgent found — HEARTBEAT_OK
[2026-02-06T21:51:06.315Z] Checking for background work...
[2026-02-06T21:51:06.315Z] Running background lead research...
[2026-02-06T21:51:06.315Z] Checking if advice generation needed...
[2026-02-06T21:51:06.315Z] 💓 HEARTBEAT COMPLETE
[2026-02-06T22:06:04.853Z] 💓 HEARTBEAT STARTING
[2026-02-06T22:06:04.854Z] Loading context...
[2026-02-06T22:06:04.854Z] Checking for urgent items...
[2026-02-06T22:06:04.854Z] Checking for pending chat messages...
[2026-02-06T22:06:04.855Z] Checking Mission Control for @mentions...
[2026-02-06T22:06:04.855Z] Checking assigned tasks...
[2026-02-06T22:06:04.855Z] Scanning activity feed...
[2026-02-06T22:06:04.855Z] Getting recent activity...
[2026-02-06T22:06:04.855Z] 🟢 Nothing urgent found — HEARTBEAT_OK
[2026-02-06T22:06:04.855Z] Checking for background work...
[2026-02-06T22:06:04.855Z] Running background lead research...
[2026-02-06T22:06:04.855Z] Checking if advice generation needed...
[2026-02-06T22:06:04.855Z] Running advice generation...
[2026-02-06T22:06:04.901Z] Advice generation completed
[2026-02-06T22:06:04.901Z] 💓 HEARTBEAT COMPLETE
